<?xml version="1.0" encoding="UTF-8"?>
<!-- Generated by org.testng.reporters.JUnitReportReporter -->
<testsuite hostname="DESKTOP-4QLJJOG" failures="0" tests="3" name="seldocker.GridTest" time="97.383" errors="0" timestamp="2024-02-24T16:43:00 IST" skipped="0">
  <testcase classname="seldocker.GridTest" name="setup" time="17.642"/>
  <system-out/>
  <testcase classname="seldocker.GridTest" name="setup" time="40.123"/>
  <system-out/>
  <testcase classname="seldocker.GridTest" name="setup" time="39.618"/>
  <system-out/>
</testsuite> <!-- seldocker.GridTest -->
