<?xml version="1.0" encoding="UTF-8"?>
<!-- Generated by org.testng.reporters.JUnitReportReporter -->
<testsuite hostname="DESKTOP-4QLJJOG" failures="0" tests="1" name="seldocker.GridTest" time="15.225" errors="0" timestamp="2024-02-24T11:12:58 IST" skipped="0">
  <testcase classname="seldocker.GridTest" name="setup" time="15.225"/>
  <system-out/>
</testsuite> <!-- seldocker.GridTest -->
